{"/Users/brunorossato/Desktop/Personal/winnin-challenge/src/__test__/mocks/data.save.js": {"path":"/Users/brunorossato/Desktop/Personal/winnin-challenge/src/__test__/mocks/data.save.js","statementMap":{},"fnMap":{},"branchMap":{},"s":{},"f":{},"b":{},"_coverageSchema":"1a1c01bbd47fc00a2c39e90264f33305004495a9","hash":"64f85fec4ebb1067f0475cad2cb6e72f93415532"}
,"/Users/brunorossato/Desktop/Personal/winnin-challenge/src/services/post.js": {"path":"/Users/brunorossato/Desktop/Personal/winnin-challenge/src/services/post.js","statementMap":{"0":{"start":{"line":4,"column":56},"end":{"line":4,"column":60}},"1":{"start":{"line":5,"column":2},"end":{"line":11,"column":5}},"2":{"start":{"line":16,"column":4},"end":{"line":32,"column":5}},"3":{"start":{"line":17,"column":23},"end":{"line":17,"column":25}},"4":{"start":{"line":18,"column":6},"end":{"line":20,"column":9}},"5":{"start":{"line":19,"column":8},"end":{"line":19,"column":37}},"6":{"start":{"line":21,"column":24},"end":{"line":21,"column":51}},"7":{"start":{"line":22,"column":6},"end":{"line":22,"column":37}},"8":{"start":{"line":23,"column":6},"end":{"line":26,"column":8}},"9":{"start":{"line":28,"column":6},"end":{"line":31,"column":8}},"10":{"start":{"line":35,"column":4},"end":{"line":54,"column":5}},"11":{"start":{"line":36,"column":24},"end":{"line":36,"column":51}},"12":{"start":{"line":37,"column":23},"end":{"line":42,"column":8}},"13":{"start":{"line":43,"column":6},"end":{"line":47,"column":8}},"14":{"start":{"line":49,"column":6},"end":{"line":53,"column":8}},"15":{"start":{"line":57,"column":4},"end":{"line":76,"column":5}},"16":{"start":{"line":58,"column":24},"end":{"line":58,"column":51}},"17":{"start":{"line":59,"column":23},"end":{"line":64,"column":10}},"18":{"start":{"line":65,"column":6},"end":{"line":69,"column":8}},"19":{"start":{"line":71,"column":6},"end":{"line":75,"column":8}}},"fnMap":{"0":{"name":"builPostList","decl":{"start":{"line":3,"column":9},"end":{"line":3,"column":21}},"loc":{"start":{"line":3,"column":38},"end":{"line":12,"column":1}},"line":3},"1":{"name":"(anonymous_1)","decl":{"start":{"line":15,"column":8},"end":{"line":15,"column":9}},"loc":{"start":{"line":15,"column":32},"end":{"line":33,"column":3}},"line":15},"2":{"name":"(anonymous_2)","decl":{"start":{"line":18,"column":19},"end":{"line":18,"column":20}},"loc":{"start":{"line":18,"column":39},"end":{"line":20,"column":7}},"line":18},"3":{"name":"(anonymous_3)","decl":{"start":{"line":34,"column":13},"end":{"line":34,"column":14}},"loc":{"start":{"line":34,"column":53},"end":{"line":55,"column":3}},"line":34},"4":{"name":"(anonymous_4)","decl":{"start":{"line":56,"column":15},"end":{"line":56,"column":16}},"loc":{"start":{"line":56,"column":36},"end":{"line":77,"column":3}},"line":56}},"branchMap":{},"s":{"0":6,"1":6,"2":2,"3":2,"4":2,"5":6,"6":2,"7":2,"8":1,"9":1,"10":2,"11":2,"12":2,"13":1,"14":1,"15":2,"16":2,"17":2,"18":1,"19":1},"f":{"0":6,"1":2,"2":6,"3":2,"4":2},"b":{},"_coverageSchema":"1a1c01bbd47fc00a2c39e90264f33305004495a9","hash":"4735b20ef88db7a8d394ef9eab58c2629fb2d237"}
,"/Users/brunorossato/Desktop/Personal/winnin-challenge/src/services/redit.js": {"path":"/Users/brunorossato/Desktop/Personal/winnin-challenge/src/services/redit.js","statementMap":{"0":{"start":{"line":6,"column":4},"end":{"line":20,"column":5}},"1":{"start":{"line":7,"column":23},"end":{"line":9,"column":7}},"2":{"start":{"line":10,"column":32},"end":{"line":10,"column":66}},"3":{"start":{"line":11,"column":6},"end":{"line":14,"column":8}},"4":{"start":{"line":16,"column":6},"end":{"line":19,"column":8}}},"fnMap":{"0":{"name":"(anonymous_0)","decl":{"start":{"line":5,"column":12},"end":{"line":5,"column":13}},"loc":{"start":{"line":5,"column":24},"end":{"line":21,"column":3}},"line":5}},"branchMap":{},"s":{"0":2,"1":2,"2":1,"3":1,"4":1},"f":{"0":2},"b":{},"_coverageSchema":"1a1c01bbd47fc00a2c39e90264f33305004495a9","hash":"7779687141aa5369f6051d4d34b48552ac491a93"}
}
