TN:
SF:src/__test__/mocks/data.save.js
FNF:0
FNH:0
LF:0
LH:0
BRF:0
BRH:0
end_of_record
TN:
SF:src/services/post.js
FN:3,builPostList
FN:15,(anonymous_1)
FN:18,(anonymous_2)
FN:34,(anonymous_3)
FN:56,(anonymous_4)
FNF:5
FNH:5
FNDA:6,builPostList
FNDA:2,(anonymous_1)
FNDA:6,(anonymous_2)
FNDA:2,(anonymous_3)
FNDA:2,(anonymous_4)
DA:4,6
DA:5,6
DA:16,2
DA:17,2
DA:18,2
DA:19,6
DA:21,2
DA:22,2
DA:23,1
DA:28,1
DA:35,2
DA:36,2
DA:37,2
DA:43,1
DA:49,1
DA:57,2
DA:58,2
DA:59,2
DA:65,1
DA:71,1
LF:20
LH:20
BRF:0
BRH:0
end_of_record
TN:
SF:src/services/redit.js
FN:5,(anonymous_0)
FNF:1
FNH:1
FNDA:2,(anonymous_0)
DA:6,2
DA:7,2
DA:10,1
DA:11,1
DA:16,1
LF:5
LH:5
BRF:0
BRH:0
end_of_record
